[21:00:30] [SYSTEM] Console Logic Initialized
[21:00:30] [SYSTEM] C++ Engine bridge established.
[21:00:30] [BOOT] 🌐 Platform: Linux | Session: wayland
[21:00:30] [BOOT] ⚙️ RTLD_GLOBAL enabled (C++ symbols optimization).
[21:00:30] [BOOT] 🖥️ Detected DE: KDE
[21:00:30] [BOOT] Checking Engine components...
[21:00:30] [BOOT] ✅ Engine build: SUCCESS
[21:00:30] [BOOT] Launching UI...
[21:00:30] [SYSTEM] Initializing EditorManager with Evergreen UI...
[21:00:30] [DEBUG] EditorTab: Evergreen core initialized.
[21:00:30] [EDITOR] New tab created: 'Untitled'
[21:00:30] [SUCCESS] Manager connected to UI Console. DE: KDE
[21:00:30] [SYSTEM] LxNotes ready. Theme: dark
[21:02:07] [SYSTEM] Console Logic Initialized
[21:02:07] [SYSTEM] C++ Engine bridge established.
[21:02:07] [BOOT] 🌐 Platform: Linux | Session: wayland
[21:02:07] [BOOT] ⚙️ RTLD_GLOBAL enabled (C++ symbols optimization).
[21:02:07] [BOOT] 🖥️ Detected DE: KDE
[21:02:07] [BOOT] Checking Engine components...
[21:02:07] [BOOT] ℹ️ Engine build: up to date
[21:02:07] [BOOT] Launching UI...
[21:02:07] [SYSTEM] Initializing EditorManager with Evergreen UI...
[21:02:07] [DEBUG] EditorTab: Evergreen core initialized.
[21:02:07] [EDITOR] New tab created: 'Untitled'
[21:02:07] [SUCCESS] Manager connected to UI Console. DE: KDE
[21:02:07] [SYSTEM] LxNotes ready. Theme: dark
[21:05:08] [SYSTEM] Console Logic Initialized
[21:05:08] [SYSTEM] C++ Engine bridge established.
[21:05:08] [BOOT] 🌐 Platform: Linux | Session: wayland
[21:05:08] [BOOT] ⚙️ RTLD_GLOBAL enabled (C++ symbols optimization).
[21:05:08] [BOOT] 🖥️ Detected DE: KDE
[21:05:08] [BOOT] Checking Engine components...
[21:05:08] [BOOT] ℹ️ Engine build: up to date
[21:05:08] [BOOT] Launching UI...
[21:05:08] [SYSTEM] Initializing EditorManager with Evergreen UI...
[21:05:08] [DEBUG] EditorTab: Evergreen core initialized.
[21:05:08] [EDITOR] New tab created: 'Untitled'
[21:05:08] [SUCCESS] Manager connected to UI Console. DE: KDE
[21:05:08] [SYSTEM] LxNotes ready. Theme: dark
[21:05:10] [UI] Opening file dialog...
[21:08:41] [SYSTEM] Console Logic Initialized
[21:08:41] [SYSTEM] C++ Engine bridge established.
[21:08:41] [BOOT] 🌐 Platform: Linux | Session: wayland
[21:08:41] [BOOT] ⚙️ RTLD_GLOBAL enabled (C++ symbols optimization).
[21:08:41] [BOOT] 🖥️ Detected DE: KDE
[21:08:41] [BOOT] Checking Engine components...
[21:08:41] [BOOT] ℹ️ Engine build: up to date
[21:08:41] [BOOT] Launching UI...
[21:08:41] [SYSTEM] Initializing EditorManager with Evergreen UI...
[21:08:41] [DEBUG] EditorTab: Evergreen core initialized.
[21:08:41] [EDITOR] New tab created: 'Untitled'
[21:08:41] [SUCCESS] Manager connected to UI Console. DE: KDE
[21:08:41] [SYSTEM] LxNotes ready. Theme: dark
[21:09:09] [SUCCESS] Język zmieniony na: PL-PL
[21:09:17] [SUCCESS] Język zmieniony na: PL-PL
[21:10:26] [SUCCESS] Język zmieniony na: PL-PL
[21:11:51] [SYSTEM] Console Logic Initialized
[21:11:51] [SYSTEM] C++ Engine bridge established.
[21:11:51] [BOOT] 🌐 Platform: Linux | Session: wayland
[21:11:51] [BOOT] ⚙️ RTLD_GLOBAL enabled (C++ symbols optimization).
[21:11:51] [BOOT] 🖥️ Detected DE: KDE
[21:11:51] [BOOT] Checking Engine components...
[21:11:51] [BOOT] ℹ️ Engine build: up to date
[21:11:51] [BOOT] Launching UI...
[21:11:51] [SYSTEM] Initializing EditorManager with Evergreen UI...
[21:11:51] [DEBUG] EditorTab: Evergreen core initialized.
[21:11:51] [EDITOR] New tab created: 'Untitled'
[21:11:51] [SUCCESS] Manager connected to UI Console. DE: KDE
[21:11:51] [SYSTEM] LxNotes ready. Theme: dark
[21:11:59] [SUCCESS] Język zmieniony na: PL-PL
[21:12:05] [SUCCESS] Język zmieniony na: PL-PL
[21:12:21] [SYSTEM] Console Logic Initialized
[21:12:21] [SYSTEM] C++ Engine bridge established.
[21:12:21] [BOOT] 🌐 Platform: Linux | Session: wayland
[21:12:21] [BOOT] ⚙️ RTLD_GLOBAL enabled (C++ symbols optimization).
[21:12:21] [BOOT] 🖥️ Detected DE: KDE
[21:12:21] [BOOT] Checking Engine components...
[21:12:21] [BOOT] ℹ️ Engine build: up to date
[21:12:21] [BOOT] Launching UI...
[21:12:21] [SYSTEM] Initializing EditorManager with Evergreen UI...
[21:12:21] [DEBUG] EditorTab: Evergreen core initialized.
[21:12:21] [EDITOR] New tab created: 'Untitled'
[21:12:21] [SUCCESS] Manager connected to UI Console. DE: KDE
[21:12:21] [SYSTEM] LxNotes ready. Theme: light
[21:12:27] [SUCCESS] Język zmieniony na: PL-PL
[21:14:51] [SYSTEM] Console Logic Initialized
[21:14:51] [SYSTEM] C++ Engine bridge established.
[21:14:51] [BOOT] 🌐 Platform: Linux | Session: wayland
[21:14:51] [BOOT] ⚙️ RTLD_GLOBAL enabled (C++ symbols optimization).
[21:14:51] [BOOT] 🖥️ Detected DE: KDE
[21:14:51] [BOOT] Checking Engine components...
[21:14:51] [BOOT] ℹ️ Engine build: up to date
[21:14:51] [BOOT] Launching UI...
[21:14:51] [SYSTEM] Initializing EditorManager with Evergreen UI...
[21:14:51] [DEBUG] EditorTab: Evergreen core initialized.
[21:14:51] [EDITOR] New tab created: 'Untitled'
[21:14:51] [SUCCESS] Manager connected to UI Console. DE: KDE
[21:14:51] [SYSTEM] LxNotes ready. Theme: dark
[21:16:14] [SYSTEM] Console Logic Initialized
[21:16:14] [SYSTEM] C++ Engine bridge established.
[21:16:14] [BOOT] 🌐 Platform: Linux | Session: wayland
[21:16:14] [BOOT] ⚙️ RTLD_GLOBAL enabled (C++ symbols optimization).
[21:16:14] [BOOT] 🖥️ Detected DE: KDE
[21:16:14] [BOOT] Checking Engine components...
[21:16:14] [BOOT] ℹ️ Engine build: up to date
[21:16:14] [BOOT] Launching UI...
[21:16:14] [SYSTEM] Initializing EditorManager with Evergreen UI...
[21:16:14] [DEBUG] EditorTab: Evergreen core initialized.
[21:16:14] [EDITOR] New tab created: 'Untitled'
[21:16:14] [SUCCESS] Manager connected to UI Console. DE: KDE
[21:16:14] [SYSTEM] LxNotes ready. Theme: dark
[21:16:25] [SUCCESS] Język zmieniony na: PL-PL
[21:16:33] [SUCCESS] Język zmieniony na: PL-PL
[21:18:51] [SYSTEM] Console Logic Initialized
[21:18:51] [SYSTEM] C++ Engine bridge established.
[21:18:51] [BOOT] 🌐 Platform: Linux | Session: wayland
[21:18:51] [BOOT] ⚙️ RTLD_GLOBAL enabled (C++ symbols optimization).
[21:18:51] [BOOT] 🖥️ Detected DE: KDE
[21:18:51] [BOOT] Checking Engine components...
[21:18:51] [BOOT] ℹ️ Engine build: up to date
[21:18:51] [BOOT] Launching UI...
[21:18:51] [SYSTEM] Initializing EditorManager with Evergreen UI...
[21:18:51] [DEBUG] EditorTab: Evergreen core initialized.
[21:18:51] [EDITOR] New tab created: 'Untitled'
[21:18:51] [SUCCESS] Manager connected to UI Console. DE: KDE
[21:18:51] [SYSTEM] LxNotes ready. Theme: dark
[21:18:57] [DEBUG] EditorTab: Evergreen core initialized.
[21:18:57] [EDITOR] New tab created: 'Untitled'
[21:19:19] [SUCCESS] Język zmieniony na: PL-PL
[21:19:53] [SYSTEM] Console Logic Initialized
[21:19:53] [SYSTEM] C++ Engine bridge established.
[21:19:53] [BOOT] 🌐 Platform: Linux | Session: wayland
[21:19:53] [BOOT] ⚙️ RTLD_GLOBAL enabled (C++ symbols optimization).
[21:19:53] [BOOT] 🖥️ Detected DE: KDE
[21:19:53] [BOOT] Checking Engine components...
[21:19:53] [BOOT] ℹ️ Engine build: up to date
[21:19:53] [BOOT] Launching UI...
[21:19:53] [SYSTEM] Initializing EditorManager with Evergreen UI...
[21:19:53] [DEBUG] EditorTab: Evergreen core initialized.
[21:19:53] [EDITOR] New tab created: 'Untitled'
[21:19:53] [SUCCESS] Manager connected to UI Console. DE: KDE
[21:19:53] [SYSTEM] LxNotes ready. Theme: light
[21:19:59] [SUCCESS] Język zmieniony na: PL-PL
[21:20:02] [DEBUG] EditorTab: Evergreen core initialized.
[21:20:02] [EDITOR] New tab created: 'Untitled'
[21:20:47] [SYSTEM] Console Logic Initialized
[21:20:47] [SYSTEM] C++ Engine bridge established.
[21:20:47] [BOOT] 🌐 Platform: Linux | Session: wayland
[21:20:47] [BOOT] ⚙️ RTLD_GLOBAL enabled (C++ symbols optimization).
[21:20:47] [BOOT] 🖥️ Detected DE: KDE
[21:20:47] [BOOT] Checking Engine components...
[21:20:47] [BOOT] ℹ️ Engine build: up to date
[21:20:47] [BOOT] Launching UI...
[21:20:47] [SYSTEM] Initializing EditorManager with Evergreen UI...
[21:20:47] [DEBUG] EditorTab: Evergreen core initialized.
[21:20:47] [EDITOR] New tab created: 'Untitled'
[21:20:47] [SUCCESS] Manager connected to UI Console. DE: KDE
[21:20:47] [SYSTEM] LxNotes ready. Theme: dark
[21:20:55] [SUCCESS] Język zmieniony na: PL-PL
[21:21:04] [SYSTEM] Console Logic Initialized
[21:21:04] [SYSTEM] C++ Engine bridge established.
[21:21:04] [BOOT] 🌐 Platform: Linux | Session: wayland
[21:21:04] [BOOT] ⚙️ RTLD_GLOBAL enabled (C++ symbols optimization).
[21:21:04] [BOOT] 🖥️ Detected DE: KDE
[21:21:04] [BOOT] Checking Engine components...
[21:21:04] [BOOT] ℹ️ Engine build: up to date
[21:21:04] [BOOT] Launching UI...
[21:21:04] [SYSTEM] Initializing EditorManager with Evergreen UI...
[21:21:04] [DEBUG] EditorTab: Evergreen core initialized.
[21:21:04] [EDITOR] New tab created: 'Untitled'
[21:21:04] [SUCCESS] Manager connected to UI Console. DE: KDE
[21:21:04] [SYSTEM] LxNotes ready. Theme: dark
[21:21:09] [SUCCESS] Język zmieniony na: PL-PL
[21:22:02] [SYSTEM] Console Logic Initialized
[21:22:02] [SYSTEM] C++ Engine bridge established.
[21:22:02] [BOOT] 🌐 Platform: Linux | Session: wayland
[21:22:02] [BOOT] ⚙️ RTLD_GLOBAL enabled (C++ symbols optimization).
[21:22:02] [BOOT] 🖥️ Detected DE: KDE
[21:22:02] [BOOT] Checking Engine components...
[21:22:02] [BOOT] ℹ️ Engine build: up to date
[21:22:02] [BOOT] Launching UI...
[21:22:02] [SYSTEM] Initializing EditorManager with Evergreen UI...
[21:22:02] [DEBUG] EditorTab: Evergreen core initialized.
[21:22:02] [EDITOR] New tab created: 'Untitled'
[21:22:02] [SUCCESS] Manager connected to UI Console. DE: KDE
[21:22:02] [SYSTEM] LxNotes ready. Theme: light
[21:22:06] [SUCCESS] Język zmieniony na: PL-PL
[21:24:39] [SYSTEM] Console Logic Initialized
[21:24:39] [SYSTEM] C++ Engine bridge established.
[21:24:39] [BOOT] 🌐 Platform: Linux | Session: wayland
[21:24:39] [BOOT] ⚙️ RTLD_GLOBAL enabled (C++ symbols optimization).
[21:24:39] [BOOT] 🖥️ Detected DE: KDE
[21:24:39] [BOOT] Checking Engine components...
[21:24:39] [BOOT] ℹ️ Engine build: up to date
[21:24:39] [BOOT] Launching UI...
[21:24:39] [SYSTEM] Initializing EditorManager with Evergreen UI...
[21:24:39] [DEBUG] EditorTab: Evergreen core initialized.
[21:24:39] [EDITOR] New tab created: 'Untitled'
[21:24:39] [SUCCESS] Manager connected to UI Console. DE: KDE
[21:24:39] [SYSTEM] LxNotes ready. Theme: dark
[21:24:50] [SUCCESS] Język zmieniony na: PL-PL
[21:24:53] [SUCCESS] Język zmieniony na: PL-PL
[21:24:58] [SUCCESS] Język zmieniony na: PL-PL
[21:26:57] [SYSTEM] Console Logic Initialized
[21:26:57] [SYSTEM] C++ Engine bridge established.
[21:26:57] [BOOT] 🌐 Platform: Linux | Session: wayland
[21:26:57] [BOOT] ⚙️ RTLD_GLOBAL enabled (C++ symbols optimization).
[21:26:57] [BOOT] 🖥️ Detected DE: KDE
[21:26:57] [BOOT] Checking Engine components...
[21:26:57] [BOOT] ℹ️ Engine build: up to date
[21:26:57] [BOOT] Launching UI...
[21:26:57] [SYSTEM] Initializing EditorManager with Evergreen UI...
[21:26:57] [DEBUG] EditorTab: Evergreen core initialized.
[21:26:57] [EDITOR] New tab created: 'Untitled'
[21:26:57] [SUCCESS] Manager connected to UI Console. DE: KDE
[21:26:57] [SYSTEM] LxNotes ready. Theme: dark
[21:27:03] [SUCCESS] Język zmieniony na: PL-PL
[21:27:11] [SUCCESS] Język zmieniony na: PL-PL
[21:27:41] [SYSTEM] Console Logic Initialized
[21:27:41] [SYSTEM] C++ Engine bridge established.
[21:27:41] [BOOT] 🌐 Platform: Linux | Session: wayland
[21:27:41] [BOOT] ⚙️ RTLD_GLOBAL enabled (C++ symbols optimization).
[21:27:41] [BOOT] 🖥️ Detected DE: KDE
[21:27:41] [BOOT] Checking Engine components...
[21:27:41] [BOOT] ℹ️ Engine build: up to date
[21:27:41] [BOOT] Launching UI...
[21:27:41] [SYSTEM] Initializing EditorManager with Evergreen UI...
[21:27:41] [DEBUG] EditorTab: Evergreen core initialized.
[21:27:41] [EDITOR] New tab created: 'Untitled'
[21:27:41] [SUCCESS] Manager connected to UI Console. DE: KDE
[21:27:41] [SYSTEM] LxNotes ready. Theme: dark
[21:27:50] [SYSTEM] Console Logic Initialized
[21:27:50] [SYSTEM] C++ Engine bridge established.
[21:27:50] [BOOT] 🌐 Platform: Linux | Session: wayland
[21:27:50] [BOOT] ⚙️ RTLD_GLOBAL enabled (C++ symbols optimization).
[21:27:50] [BOOT] 🖥️ Detected DE: KDE
[21:27:50] [BOOT] Checking Engine components...
[21:27:50] [BOOT] ℹ️ Engine build: up to date
[21:27:50] [BOOT] Launching UI...
[21:27:50] [SYSTEM] Initializing EditorManager with Evergreen UI...
[21:27:50] [DEBUG] EditorTab: Evergreen core initialized.
[21:27:50] [EDITOR] New tab created: 'Untitled'
[21:27:50] [SUCCESS] Manager connected to UI Console. DE: KDE
[21:27:50] [SYSTEM] LxNotes ready. Theme: light
[21:27:53] [SUCCESS] Język zmieniony na: PL-PL
[21:29:11] [SYSTEM] Console Logic Initialized
[21:29:11] [SYSTEM] C++ Engine bridge established.
[21:29:11] [BOOT] 🌐 Platform: Linux | Session: wayland
[21:29:11] [BOOT] ⚙️ RTLD_GLOBAL enabled (C++ symbols optimization).
[21:29:11] [BOOT] 🖥️ Detected DE: KDE
[21:29:11] [BOOT] Checking Engine components...
[21:29:11] [BOOT] ℹ️ Engine build: up to date
[21:29:11] [BOOT] Launching UI...
[21:29:11] [SYSTEM] Initializing EditorManager with Evergreen UI...
[21:29:11] [DEBUG] EditorTab: Evergreen core initialized.
[21:29:11] [EDITOR] New tab created: 'Untitled'
[21:29:11] [SUCCESS] Manager connected to UI Console. DE: KDE
[21:29:11] [SYSTEM] LxNotes ready. Theme: dark
[21:29:17] [SUCCESS] Język zmieniony na: PL-PL
[21:30:14] [SYSTEM] Console Logic Initialized
[21:30:14] [SYSTEM] C++ Engine bridge established.
[21:30:14] [BOOT] 🌐 Platform: Linux | Session: wayland
[21:30:14] [BOOT] ⚙️ RTLD_GLOBAL enabled (C++ symbols optimization).
[21:30:14] [BOOT] 🖥️ Detected DE: KDE
[21:30:14] [BOOT] Checking Engine components...
[21:30:14] [BOOT] ℹ️ Engine build: up to date
[21:30:14] [BOOT] Launching UI...
[21:30:14] [SYSTEM] Initializing EditorManager with Evergreen UI...
[21:30:14] [DEBUG] EditorTab: Evergreen core initialized.
[21:30:14] [EDITOR] New tab created: 'Untitled'
[21:30:14] [SUCCESS] Manager connected to UI Console. DE: KDE
[21:30:14] [SYSTEM] LxNotes ready. Theme: light
[21:30:23] [SUCCESS] Język zmieniony na: PL-PL
[21:30:26] [DEBUG] EditorTab: Evergreen core initialized.
[21:30:26] [EDITOR] New tab created: 'Untitled'
[21:31:52] [SYSTEM] Console Logic Initialized
[21:31:52] [SYSTEM] C++ Engine bridge established.
[21:31:52] [BOOT] 🌐 Platform: Linux | Session: wayland
[21:31:52] [BOOT] ⚙️ RTLD_GLOBAL enabled (C++ symbols optimization).
[21:31:52] [BOOT] 🖥️ Detected DE: KDE
[21:31:52] [BOOT] Checking Engine components...
[21:31:52] [BOOT] ℹ️ Engine build: up to date
[21:31:52] [BOOT] Launching UI...
[21:31:52] [SYSTEM] Initializing EditorManager with Evergreen UI...
[21:31:52] [DEBUG] EditorTab: Evergreen core initialized.
[21:31:52] [EDITOR] New tab created: 'Untitled'
[21:31:52] [SUCCESS] Manager connected to UI Console. DE: KDE
[21:31:52] [SYSTEM] LxNotes ready. Theme: dark
[21:31:59] [SUCCESS] Język zmieniony na: PL-PL
[21:32:02] [SUCCESS] Język zmieniony na: PL-PL
[21:33:31] [SYSTEM] Console Logic Initialized
[21:33:31] [SYSTEM] C++ Engine bridge established.
[21:33:31] [BOOT] 🌐 Platform: Linux | Session: wayland
[21:33:31] [BOOT] ⚙️ RTLD_GLOBAL enabled (C++ symbols optimization).
[21:33:31] [BOOT] 🖥️ Detected DE: KDE
[21:33:31] [BOOT] Checking Engine components...
[21:33:31] [BOOT] ℹ️ Engine build: up to date
[21:33:31] [BOOT] Launching UI...
[21:33:31] [SYSTEM] Initializing EditorManager with Evergreen UI...
[21:33:31] [DEBUG] EditorTab: Evergreen core initialized.
[21:33:31] [EDITOR] New tab created: 'Untitled'
[21:33:31] [SUCCESS] Manager connected to UI Console. DE: KDE
[21:33:31] [SYSTEM] LxNotes ready. Theme: dark
[21:33:40] [SUCCESS] Język zmieniony na: PL-PL
[21:33:45] [SUCCESS] Język zmieniony na: PL-PL
[21:36:47] [SYSTEM] Console Logic Initialized
[21:36:47] [SYSTEM] C++ Engine bridge established.
[21:36:47] [BOOT] 🌐 Platform: Linux | Session: wayland
[21:36:47] [BOOT] ⚙️ RTLD_GLOBAL enabled (C++ symbols optimization).
[21:36:47] [BOOT] 🖥️ Detected DE: KDE
[21:36:47] [BOOT] Checking Engine components...
[21:36:47] [BOOT] ℹ️ Engine build: up to date
[21:36:47] [BOOT] Launching UI...
[21:36:47] [SYSTEM] Initializing EditorManager with Evergreen UI...
[21:36:47] [DEBUG] EditorTab: Evergreen core initialized.
[21:36:47] [EDITOR] New tab created: 'Untitled'
[21:36:47] [SUCCESS] Manager connected to UI Console. DE: KDE
[21:36:47] [SYSTEM] LxNotes ready. Theme: dark
[21:37:02] [SYSTEM] Console Logic Initialized
[21:37:02] [SYSTEM] C++ Engine bridge established.
[21:37:02] [BOOT] 🌐 Platform: Linux | Session: wayland
[21:37:02] [BOOT] ⚙️ RTLD_GLOBAL enabled (C++ symbols optimization).
[21:37:02] [BOOT] 🖥️ Detected DE: KDE
[21:37:02] [BOOT] Checking Engine components...
[21:37:02] [BOOT] ℹ️ Engine build: up to date
[21:37:02] [BOOT] Launching UI...
[21:37:02] [SYSTEM] Initializing EditorManager with Evergreen UI...
[21:37:02] [DEBUG] EditorTab: Evergreen core initialized.
[21:37:02] [EDITOR] New tab created: 'Untitled'
[21:37:02] [SUCCESS] Manager connected to UI Console. DE: KDE
[21:37:02] [SYSTEM] LxNotes ready. Theme: dark
[21:38:26] [SYSTEM] Console Logic Initialized
[21:38:26] [SYSTEM] C++ Engine bridge established.
[21:38:26] [BOOT] 🌐 Platform: Linux | Session: wayland
[21:38:26] [BOOT] ⚙️ RTLD_GLOBAL enabled (C++ symbols optimization).
[21:38:26] [BOOT] 🖥️ Detected DE: KDE
[21:38:26] [BOOT] Checking Engine components...
[21:38:26] [BOOT] ℹ️ Engine build: up to date
[21:38:26] [BOOT] Launching UI...
[21:38:26] [SYSTEM] Initializing EditorManager with Evergreen UI...
[21:38:26] [DEBUG] EditorTab: Evergreen core initialized.
[21:38:26] [EDITOR] New tab created: 'Untitled'
[21:38:26] [SUCCESS] Manager connected to UI Console. DE: KDE
[21:38:26] [SYSTEM] LxNotes ready. Theme: dark
[21:38:30] [SUCCESS] Język zmieniony na: PL-PL
[21:40:08] [SYSTEM] Console Logic Initialized
[21:40:08] [SYSTEM] C++ Engine bridge established.
[21:40:08] [BOOT] 🌐 Platform: Linux | Session: wayland
[21:40:08] [BOOT] ⚙️ RTLD_GLOBAL enabled (C++ symbols optimization).
[21:40:08] [BOOT] 🖥️ Detected DE: KDE
[21:40:08] [BOOT] Checking Engine components...
[21:40:08] [BOOT] ℹ️ Engine build: up to date
[21:40:08] [BOOT] Launching UI...
[21:40:08] [SYSTEM] Initializing EditorManager with Evergreen UI...
[21:40:08] [DEBUG] EditorTab: Evergreen core initialized.
[21:40:08] [EDITOR] New tab created: 'Untitled'
[21:40:08] [SUCCESS] Manager connected to UI Console. DE: KDE
[21:40:08] [SYSTEM] LxNotes ready. Theme: light
[21:40:12] [SUCCESS] Język zmieniony na: PL-PL
[21:42:20] [SYSTEM] Console Logic Initialized
[21:42:20] [SYSTEM] C++ Engine bridge established.
[21:42:20] [BOOT] 🌐 Platform: Linux | Session: wayland
[21:42:20] [BOOT] ⚙️ RTLD_GLOBAL enabled (C++ symbols optimization).
[21:42:20] [BOOT] 🖥️ Detected DE: KDE
[21:42:20] [BOOT] Checking Engine components...
[21:42:20] [BOOT] ℹ️ Engine build: up to date
[21:42:20] [BOOT] Launching UI...
[21:42:20] [SYSTEM] Initializing EditorManager with Evergreen UI...
[21:42:20] [DEBUG] EditorTab: Evergreen core initialized.
[21:42:20] [EDITOR] New tab created: 'Untitled'
[21:42:20] [SUCCESS] Manager connected to UI Console. DE: KDE
[21:42:20] [SYSTEM] LxNotes ready. Theme: dark
[21:56:38] [SYSTEM] Console Logic Initialized
[21:56:38] [SYSTEM] C++ Engine bridge established.
[21:56:38] [BOOT] 🌐 Platform: Linux | Session: wayland
[21:56:38] [BOOT] ⚙️ RTLD_GLOBAL enabled (C++ symbols optimization).
[21:56:38] [BOOT] 🖥️ Detected DE: KDE
[21:56:38] [BOOT] Checking Engine components...
[21:56:38] [BOOT] ℹ️ Engine build: up to date
[21:56:38] [BOOT] Launching UI...
[21:56:38] [SYSTEM] Initializing EditorManager with Evergreen UI...
[21:56:38] [DEBUG] EditorTab: Evergreen core initialized.
[21:56:38] [EDITOR] New tab created: 'Untitled'
[21:56:38] [SUCCESS] Manager connected to UI Console. DE: KDE
[21:56:38] [SYSTEM] LxNotes ready. Theme: dark
[21:59:05] [SYSTEM] Console Logic Initialized
[21:59:05] [SYSTEM] C++ Engine bridge established.
[21:59:05] [BOOT] 🌐 Platform: Linux | Session: wayland
[21:59:05] [BOOT] ⚙️ RTLD_GLOBAL enabled (C++ symbols optimization).
[21:59:05] [BOOT] 🖥️ Detected DE: KDE
[21:59:05] [BOOT] Checking Engine components...
[21:59:05] [BOOT] ℹ️ Engine build: up to date
[21:59:05] [BOOT] Launching UI...
[21:59:05] [SYSTEM] Initializing EditorManager with Evergreen UI...
[21:59:05] [DEBUG] EditorTab: Evergreen core initialized.
[21:59:05] [EDITOR] New tab created: 'Untitled'
[21:59:06] [SUCCESS] Manager connected to UI Console. DE: KDE
[21:59:06] [SYSTEM] LxNotes ready. Theme: dark
[22:08:10] [SYSTEM] Console Logic Initialized
[22:08:10] [SYSTEM] C++ Engine bridge established.
[22:08:10] [SYSTEM] Initializing EditorManager with Evergreen UI...
[22:08:10] [DEBUG] EditorTab: Evergreen core initialized.
[22:08:10] [EDITOR] New tab created: 'Untitled'
[22:08:10] [SYSTEM] LxNotes ready. Theme: dark
[22:08:10] [SUCCESS] Found 2 matches in 0.001714 ms
[22:08:10] [SUCCESS] Found 2 matches in 0.000461 ms
[22:08:10] [SUCCESS] Replaced 2 occurrences.
[22:08:10] [SUCCESS] All occurrences of 'Ala' replaced via C++.
[22:08:10] [SUCCESS] Navigation: Jumped to line 2 (offset: 12)
[22:08:10] [SUCCESS] Język zmieniony na: PL-PL
[22:08:46] [SYSTEM] Console Logic Initialized
[22:08:46] [SYSTEM] C++ Engine bridge established.
[22:08:46] [SYSTEM] Initializing EditorManager with Evergreen UI...
[22:08:46] [DEBUG] EditorTab: Evergreen core initialized.
[22:08:46] [EDITOR] New tab created: 'Untitled'
[22:08:46] [SYSTEM] LxNotes ready. Theme: light
[22:08:46] [SUCCESS] Found 2 matches in 0.001172 ms
[22:08:46] [SUCCESS] Found 2 matches in 0.000290 ms
[22:08:46] [SUCCESS] Replaced 2 occurrences.
[22:08:46] [SUCCESS] All occurrences of 'Ala' replaced via C++.
[22:08:46] [SUCCESS] Navigation: Jumped to line 2 (offset: 12)
[22:08:46] [SUCCESS] Język zmieniony na: PL-PL
[22:10:40] [SYSTEM] Console Logic Initialized
[22:10:40] [SYSTEM] C++ Engine bridge established.
[22:10:40] [SYSTEM] Initializing EditorManager with Evergreen UI...
[22:10:40] [DEBUG] EditorTab: Evergreen core initialized.
[22:10:40] [EDITOR] New tab created: 'Untitled'
[22:10:40] [SYSTEM] LxNotes ready. Theme: dark
[22:10:53] [SYSTEM] Console Logic Initialized
[22:10:53] [SYSTEM] Initializing EditorManager with Evergreen UI...
[22:10:53] [DEBUG] EditorTab: Evergreen core initialized.
[22:10:53] [EDITOR] New tab created: 'Untitled'
[22:10:53] [SYSTEM] LxNotes ready. Theme: dark
[22:11:45] [SYSTEM] Console Logic Initialized
[22:11:45] [SYSTEM] C++ Engine bridge established.
[22:11:45] [SYSTEM] Initializing EditorManager with Evergreen UI...
[22:11:45] [DEBUG] EditorTab: Evergreen core initialized.
[22:11:45] [EDITOR] New tab created: 'Untitled'
[22:11:46] [SYSTEM] LxNotes ready. Theme: dark
[22:12:03] [SYSTEM] Console Logic Initialized
[22:12:03] [SYSTEM] C++ Engine bridge established.
[22:12:03] [SYSTEM] Initializing EditorManager with Evergreen UI...
[22:12:03] [DEBUG] EditorTab: Evergreen core initialized.
[22:12:03] [EDITOR] New tab created: 'Untitled'
[22:12:03] [SYSTEM] LxNotes ready. Theme: dark
[22:12:03] [SUCCESS] Found 2 matches in 0.001182 ms
[22:12:03] [SUCCESS] Found 2 matches in 0.000290 ms
[22:12:03] [SUCCESS] Replaced 2 occurrences.
[22:12:03] [SUCCESS] All occurrences of 'Ala' replaced via C++.
[22:12:03] [SUCCESS] Navigation: Jumped to line 2 (offset: 12)
[22:12:03] [SUCCESS] Język zmieniony na: PL-PL
[22:13:17] [SYSTEM] Console Logic Initialized
[22:13:17] [SYSTEM] C++ Engine bridge established.
[22:13:17] [BOOT] 🌐 Platform: Linux | Session: wayland
[22:13:17] [BOOT] ⚙️ RTLD_GLOBAL enabled (C++ symbols optimization).
[22:13:17] [BOOT] 🖥️ Detected DE: KDE
[22:13:17] [BOOT] Checking Engine components...
[22:13:17] [BOOT] ✅ Engine build: SUCCESS
[22:13:17] [BOOT] Launching UI...
[22:13:17] [SYSTEM] Initializing EditorManager with Evergreen UI...
[22:13:17] [DEBUG] EditorTab: Evergreen core initialized.
[22:13:17] [EDITOR] New tab created: 'Untitled'
[22:13:17] [SUCCESS] Manager connected to UI Console. DE: KDE
[22:13:17] [SYSTEM] LxNotes ready. Theme: dark
[22:13:23] [SUCCESS] Język zmieniony na: PL-PL
[22:13:37] [SYSTEM] Console Logic Initialized
[22:13:37] [SYSTEM] C++ Engine bridge established.
[22:13:37] [BOOT] 🌐 Platform: Linux | Session: wayland
[22:13:37] [BOOT] ⚙️ RTLD_GLOBAL enabled (C++ symbols optimization).
[22:13:37] [BOOT] 🖥️ Detected DE: KDE
[22:13:37] [BOOT] Checking Engine components...
[22:13:37] [BOOT] ℹ️ Engine build: up to date
[22:13:37] [BOOT] Launching UI...
[22:13:37] [SYSTEM] Initializing EditorManager with Evergreen UI...
[22:13:37] [DEBUG] EditorTab: Evergreen core initialized.
[22:13:37] [EDITOR] New tab created: 'Untitled'
[22:13:37] [SUCCESS] Manager connected to UI Console. DE: KDE
[22:13:37] [SYSTEM] LxNotes ready. Theme: dark
[22:13:40] [SUCCESS] Język zmieniony na: PL-PL
[22:13:45] [UI] Opening file dialog...
[22:17:16] [SYSTEM] Console Logic Initialized
[22:17:16] [SYSTEM] C++ Engine bridge established.
[22:17:16] [BOOT] 🌐 Platform: Linux | Session: wayland
[22:17:16] [BOOT] ⚙️ RTLD_GLOBAL enabled (C++ symbols optimization).
[22:17:16] [BOOT] 🖥️ Detected DE: KDE
[22:17:16] [BOOT] Checking Engine components...
[22:17:16] [BOOT] ℹ️ Engine build: up to date
[22:17:16] [BOOT] Launching UI...
[22:17:16] [SYSTEM] Initializing EditorManager with Evergreen UI...
[22:17:16] [DEBUG] EditorTab: Evergreen core initialized.
[22:17:16] [EDITOR] New tab created: 'Untitled'
[22:17:16] [SUCCESS] Manager connected to UI Console. DE: KDE
[22:17:16] [SYSTEM] LxNotes ready. Theme: dark
[22:54:57] [SYSTEM] Console Logic Initialized
[22:54:57] [SYSTEM] C++ Engine bridge established.
[22:54:57] [BOOT] 🌐 Platform: Linux | Session: wayland
[22:54:57] [BOOT] ⚙️ RTLD_GLOBAL enabled (C++ symbols optimization).
[22:54:57] [BOOT] 🖥️ Detected DE: KDE
[22:54:57] [BOOT] Checking Engine components...
[22:54:57] [BOOT] ℹ️ Engine build: up to date
[22:54:57] [BOOT] Launching UI...
[22:54:57] [SYSTEM] Initializing EditorManager with Evergreen UI...
[22:54:57] [DEBUG] EditorTab: Evergreen core initialized.
[22:54:57] [EDITOR] New tab created: 'Untitled'
[22:54:57] [SUCCESS] Manager connected to UI Console. DE: KDE
[22:54:57] [SYSTEM] LxNotes ready. Theme: dark
