[10:56:50] [SYSTEM] Console Logic Initialized
[10:56:50] [SYSTEM] C++ Engine bridge established.
[10:56:50] [BOOT] 🌐 Platform: Linux | Session: wayland
[10:56:50] [BOOT] ⚙️ RTLD_GLOBAL enabled (C++ symbols optimization).
[10:56:50] [BOOT] 🖥️ Detected DE: KDE
[10:56:50] [BOOT] Checking Engine components...
[10:56:50] [BOOT] ✅ Engine build: SUCCESS
[10:56:50] [BOOT] Launching UI...
[10:56:50] [SYSTEM] Initializing EditorManager with Evergreen UI...
[10:56:50] [DEBUG] EditorTab: Evergreen core initialized.
[10:56:50] [EDITOR] New tab created: 'Untitled'
[10:56:50] [SUCCESS] Manager connected to UI Console. DE: KDE
[10:56:50] [SYSTEM] LxNotes ready. Theme: dark
[11:22:19] [SYSTEM] Console Logic Initialized
[11:22:19] [SYSTEM] C++ Engine bridge established.
[11:22:19] [BOOT] 🌐 Platform: Linux | Session: wayland
[11:22:19] [BOOT] ⚙️ RTLD_GLOBAL enabled (C++ symbols optimization).
[11:22:19] [BOOT] 🖥️ Detected DE: KDE
[11:22:19] [BOOT] Checking Engine components...
[11:22:19] [BOOT] ✅ Engine build: SUCCESS
[11:22:19] [BOOT] Launching UI...
[11:22:19] [SYSTEM] Initializing EditorManager with Evergreen UI...
[11:22:19] [DEBUG] EditorTab: Evergreen core initialized.
[11:22:19] [EDITOR] New tab created: 'Untitled'
[11:22:19] [SUCCESS] Manager connected to UI Console. DE: KDE
[11:22:19] [SYSTEM] LxNotes ready. Theme: dark
[11:22:43] [UI] Opening file dialog...
[11:22:52] [FILE] Attempting to open: /home/Nefiu/Pulpit/Plik tekstowy.txt
[11:22:52] [SUCCESS] Loaded: Plik tekstowy.txt
[11:23:14] [INFO] Detecting encoding for Plik tekstowy.txt: ascii (100.0%)
[11:23:14] [ENGINE] Large file detected (103555072 chars). Invoking lx_engine C++...
[11:23:14] [DEBUG] EditorTab: Evergreen core initialized.
[11:23:14] [EDITOR] New tab created: 'Plik tekstowy.txt'
[11:23:16] [ENGINE] TURBO MODE ACTIVE: RichText/Wrap disabled. Engine acceleration ready.
[11:23:16] [ENGINE] Turbo Mode enabled.
[11:23:16] [SUCCESS] File loaded successfully: /home/Nefiu/Pulpit/Plik tekstowy.txt
[11:37:38] [SYSTEM] Console Logic Initialized
[11:37:38] [SYSTEM] C++ Engine bridge established.
[11:37:38] [BOOT] 🌐 Platform: Linux | Session: wayland
[11:37:38] [BOOT] ⚙️ RTLD_GLOBAL enabled (C++ symbols optimization).
[11:37:38] [BOOT] 🖥️ Detected DE: KDE
[11:37:38] [BOOT] Checking Engine components...
[11:37:38] [BOOT] ❌ Builder Error: module 'builder_module' has no attribute 'run_build'
[11:37:38] [BOOT] Launching UI...
[11:37:38] [SYSTEM] Initializing EditorManager with Evergreen UI...
[11:37:38] [DEBUG] EditorTab: Evergreen core initialized.
[11:37:38] [EDITOR] New tab created: 'Untitled'
[11:37:51] [SYSTEM] Console Logic Initialized
[11:37:51] [SYSTEM] C++ Engine bridge established.
[11:37:51] [BOOT] 🌐 Platform: Linux | Session: wayland
[11:37:51] [BOOT] ⚙️ RTLD_GLOBAL enabled (C++ symbols optimization).
[11:37:51] [BOOT] 🖥️ Detected DE: KDE
[11:37:51] [BOOT] Checking Engine components...
[11:37:51] [BOOT] ❌ Builder Error: module 'builder_module' has no attribute 'run_build'
[11:37:51] [BOOT] Launching UI...
[11:37:51] [SYSTEM] Initializing EditorManager with Evergreen UI...
[11:37:51] [DEBUG] EditorTab: Evergreen core initialized.
[11:37:51] [EDITOR] New tab created: 'Untitled'
[11:39:33] [SYSTEM] Console Logic Initialized
[11:39:33] [SYSTEM] C++ Engine bridge established.
[11:39:33] [BOOT] 🌐 Platform: Linux | Session: wayland
[11:39:33] [BOOT] ⚙️ RTLD_GLOBAL enabled (C++ symbols optimization).
[11:39:33] [BOOT] 🖥️ Detected DE: KDE
[11:39:33] [BOOT] Checking Engine components...
[11:39:33] [BOOT] ✅ Engine build: SUCCESS
[11:39:33] [BOOT] Launching UI...
[11:39:33] [SYSTEM] Initializing EditorManager with Evergreen UI...
[11:39:33] [DEBUG] EditorTab: Evergreen core initialized.
[11:39:33] [EDITOR] New tab created: 'Untitled'
[11:41:01] [SYSTEM] Console Logic Initialized
[11:41:01] [SYSTEM] C++ Engine bridge established.
[11:41:01] [BOOT] 🌐 Platform: Linux | Session: wayland
[11:41:01] [BOOT] ⚙️ RTLD_GLOBAL enabled (C++ symbols optimization).
[11:41:01] [BOOT] 🖥️ Detected DE: KDE
[11:41:01] [BOOT] Checking Engine components...
[11:41:01] [BOOT] ✅ Engines ready
[11:41:01] [BOOT] Launching UI...
[11:41:01] [SYSTEM] Initializing EditorManager with Evergreen UI...
[11:41:01] [DEBUG] EditorTab: Evergreen core initialized.
[11:41:01] [EDITOR] New tab created: 'Untitled'
[11:42:49] [SYSTEM] Console Logic Initialized
[11:42:49] [SYSTEM] C++ Engine bridge established.
[11:42:49] [BOOT] 🌐 Platform: Linux | Session: wayland
[11:42:49] [BOOT] ⚙️ RTLD_GLOBAL enabled (C++ symbols optimization).
[11:42:49] [BOOT] 🖥️ Detected DE: KDE
[11:42:49] [BOOT] Checking Engine components...
[11:42:49] [BOOT] ✅ Engines ready
[11:42:49] [BOOT] Launching UI...
[11:42:49] [SYSTEM] Initializing EditorManager with Evergreen UI...
[11:42:49] [DEBUG] EditorTab: Evergreen core initialized.
[11:42:49] [EDITOR] New tab created: 'Untitled'
[11:44:36] [SYSTEM] Console Logic Initialized
[11:44:36] [SYSTEM] C++ Engine bridge established.
[11:44:36] [BOOT] 🌐 Platform: Linux | Session: wayland
[11:44:36] [BOOT] ⚙️ RTLD_GLOBAL enabled (C++ symbols optimization).
[11:44:36] [BOOT] 🖥️ Detected DE: KDE
[11:44:36] [BOOT] Checking Engine components...
[11:44:36] [BOOT] ✅ Engines ready
[11:44:36] [BOOT] Launching UI...
[11:44:36] [SYSTEM] Initializing EditorManager with Evergreen UI...
[11:44:36] [DEBUG] EditorTab: Evergreen core initialized.
[11:44:36] [EDITOR] New tab created: 'Untitled'
[11:46:38] [SYSTEM] Console Logic Initialized
[11:46:38] [SYSTEM] C++ Engine bridge established.
[11:46:38] [BOOT] 🌐 Platform: Linux | Session: wayland
[11:46:38] [BOOT] ⚙️ RTLD_GLOBAL enabled (C++ symbols optimization).
[11:46:38] [BOOT] 🖥️ Detected DE: KDE
[11:46:38] [BOOT] Checking Engine components...
[11:46:38] [BOOT] ✅ Engines ready
[11:46:38] [BOOT] Launching UI...
[11:46:38] [SYSTEM] Initializing EditorManager with Evergreen UI...
[11:46:38] [DEBUG] EditorTab: Evergreen core initialized.
[11:46:38] [EDITOR] New tab created: 'Untitled'
[11:49:05] [SYSTEM] Console Logic Initialized
[11:49:05] [SYSTEM] C++ Engine bridge established.
[11:49:05] [BOOT] 🌐 Platform: Linux | Session: wayland
[11:49:05] [BOOT] ⚙️ RTLD_GLOBAL enabled (C++ symbols optimization).
[11:49:05] [BOOT] 🖥️ Detected DE: KDE
[11:49:05] [BOOT] Checking Engine components...
[11:49:05] [BOOT] ✅ Engines ready
[11:49:05] [BOOT] Launching UI...
[11:49:05] [SYSTEM] Initializing EditorManager with Evergreen UI...
[11:49:05] [DEBUG] EditorTab: Evergreen core initialized.
[11:49:05] [EDITOR] New tab created: 'Untitled'
[11:50:41] [SYSTEM] Console Logic Initialized
[11:50:41] [SYSTEM] C++ Engine bridge established.
[11:50:41] [BOOT] 🌐 Platform: Linux | Session: wayland
[11:50:41] [BOOT] ⚙️ RTLD_GLOBAL enabled (C++ symbols optimization).
[11:50:41] [BOOT] 🖥️ Detected DE: KDE
[11:50:41] [BOOT] Checking Engine components...
[11:50:41] [BOOT] ✅ Engines ready
[11:50:41] [BOOT] Launching UI...
[11:50:41] [SYSTEM] Initializing EditorManager with Evergreen UI...
[11:50:41] [DEBUG] EditorTab: Evergreen core initialized.
[11:50:41] [EDITOR] New tab created: 'Untitled'
[11:52:39] [SYSTEM] Console Logic Initialized
[11:52:39] [SYSTEM] C++ Engine bridge established.
[11:52:39] [BOOT] 🌐 Platform: Linux | Session: wayland
[11:52:39] [BOOT] ⚙️ RTLD_GLOBAL enabled (C++ symbols optimization).
[11:52:39] [BOOT] 🖥️ Detected DE: KDE
[11:52:39] [BOOT] Checking Engine components...
[11:52:39] [BOOT] ✅ Engine build: SUCCESS
[11:52:39] [BOOT] Launching UI...
[11:52:39] [SYSTEM] Initializing EditorManager with Evergreen UI...
[11:52:39] [DEBUG] EditorTab: Evergreen core initialized.
[11:52:39] [EDITOR] New tab created: 'Untitled'
[11:52:39] [SYSTEM] Session: Restoring 1 files...
[11:52:39] [SUCCESS] Manager connected to UI Console. DE: KDE
[11:52:39] [SYSTEM] LxNotes ready. Theme: dark
[11:52:48] [SYSTEM] Console Logic Initialized
[11:52:48] [SYSTEM] C++ Engine bridge established.
[11:52:48] [BOOT] 🌐 Platform: Linux | Session: wayland
[11:52:48] [BOOT] ⚙️ RTLD_GLOBAL enabled (C++ symbols optimization).
[11:52:48] [BOOT] 🖥️ Detected DE: KDE
[11:52:48] [BOOT] Checking Engine components...
[11:52:48] [BOOT] ✅ Engine build: SUCCESS
[11:52:48] [BOOT] Launching UI...
[11:52:48] [SYSTEM] Initializing EditorManager with Evergreen UI...
[11:52:48] [DEBUG] EditorTab: Evergreen core initialized.
[11:52:48] [EDITOR] New tab created: 'Untitled'
[11:52:48] [SUCCESS] Manager connected to UI Console. DE: KDE
[11:52:48] [SYSTEM] LxNotes ready. Theme: dark
