2026-02-14 12:01:04,080 [INFO] [runtime] Runtime logging initialized.
2026-02-14 12:01:04,147 [INFO] [boot] 🌐 Platform: Linux | Session: wayland
2026-02-14 12:01:04,151 [INFO] [boot] ⚙️ RTLD_GLOBAL enabled (C++ symbols optimization).
2026-02-14 12:01:04,152 [INFO] [boot] 🖥️ Detected DE: KDE
2026-02-14 12:01:04,153 [INFO] [boot] Checking Engine components...
2026-02-14 12:01:04,198 [INFO] [boot] ℹ️ Engine build: up to date
2026-02-14 12:01:04,199 [INFO] [boot] Launching UI...
2026-02-14 12:01:04,231 [INFO] [console] Console Logic Initialized
2026-02-14 12:01:04,234 [INFO] [console] C++ Engine bridge established.
2026-02-14 12:01:04,235 [INFO] [console] 🌐 Platform: Linux | Session: wayland
2026-02-14 12:01:04,236 [INFO] [console] ⚙️ RTLD_GLOBAL enabled (C++ symbols optimization).
2026-02-14 12:01:04,238 [INFO] [console] 🖥️ Detected DE: KDE
2026-02-14 12:01:04,239 [INFO] [console] Checking Engine components...
2026-02-14 12:01:04,240 [INFO] [console] ℹ️ Engine build: up to date
2026-02-14 12:01:04,241 [INFO] [console] Launching UI...
2026-02-14 12:01:04,243 [INFO] [console] Initializing EditorManager with Evergreen UI...
2026-02-14 12:01:04,248 [DEBUG] [console] EditorTab: Evergreen core initialized.
2026-02-14 12:01:04,249 [INFO] [console] New tab created: 'Untitled'
2026-02-14 12:01:04,251 [DEBUG] [core.theme.theme_manager] Styles directory detected: /home/Nefiu/Pulpit/LxNotes/assets/styles
2026-02-14 12:01:04,251 [INFO] [core.file.recent_files] Loaded 10 recent files from history.
2026-02-14 12:01:04,260 [INFO] [core.theme.theme_manager] Theme 'dark' applied successfully.
2026-02-14 12:01:04,260 [INFO] [console] Session: Restoring 1 files...
2026-02-14 12:01:04,261 [INFO] [console] Manager connected to UI Console. DE: KDE
2026-02-14 12:01:04,263 [INFO] [console] LxNotes ready. Theme: dark
2026-02-14 12:01:04,282 [DEBUG] [console] [LxCharset] detect:start: Starting detect_encoding | size=30851737
2026-02-14 12:01:04,442 [DEBUG] [console] [LxCharset] detect:early-exit-check: Running early-exit precheck | size=30851737
2026-02-14 12:01:04,474 [DEBUG] [console] [LxCharset] core:start: Core detection started | size=4096
2026-02-14 12:01:04,506 [DEBUG] [console] [LxCharset] core:utf8: UTF-8 DFA validation passed | confidence=0.97
2026-02-14 12:01:04,538 [DEBUG] [console] [LxCharset] detect:early-exit-miss: Early-exit threshold not reached; analyzing full payload | confidence=0.97, threshold=0.98
2026-02-14 12:01:04,575 [DEBUG] [console] [LxCharset] core:start: Core detection started | size=30851737
2026-02-14 12:01:05,442 [DEBUG] [console] [LxCharset] core:utf8: UTF-8 DFA validation passed | confidence=0.97
2026-02-14 12:01:05,459 [INFO] [console] [LxCharset] detect:final: Detection finished | encoding=utf-8, confidence=0.97, used_fallback=False, detected_by_bom=False
2026-02-14 12:01:05,461 [INFO] [console] [LxCharset] detect:result: Detection finished | encoding=utf-8, confidence=0.97, used_fallback=False, detected_by_bom=False
2026-02-14 12:01:05,462 [INFO] [console] LxCharset detected encoding for hello world.txt: utf-8 (97.0%)
2026-02-14 12:01:05,463 [INFO] [console] Decoded using lx_engine: utf-8 | fallback=False | attempts=['utf-8', 'utf-8-sig', 'utf-16', 'cp1250', 'latin-1', 'iso-8859-2']
2026-02-14 12:01:05,470 [INFO] [console] Large file detected (30851737 chars). Invoking lx_engine C++...
2026-02-14 12:01:05,591 [DEBUG] [console] EditorTab: Evergreen core initialized.
2026-02-14 12:01:05,615 [INFO] [console] New tab created: 'hello world.txt'
2026-02-14 12:01:06,365 [INFO] [console] TURBO MODE ACTIVE: RichText/Wrap disabled. Engine acceleration ready.
2026-02-14 12:01:06,367 [DEBUG] [core.file.recent_files] Recent files list updated in /home/Nefiu/.lxnotes_recent.json
2026-02-14 12:01:06,367 [INFO] [console] Session: Restored hello world.txt
