2026-02-14 09:56:44,419 [INFO] [runtime] Runtime logging initialized.
2026-02-14 09:56:44,504 [INFO] [boot] 🌐 Platform: Linux | Session: wayland
2026-02-14 09:56:44,508 [INFO] [boot] ⚙️ RTLD_GLOBAL enabled (C++ symbols optimization).
2026-02-14 09:56:44,509 [INFO] [boot] 🖥️ Detected DE: KDE
2026-02-14 09:56:44,510 [INFO] [boot] Checking Engine components...
2026-02-14 09:56:45,658 [INFO] [boot] ℹ️ Engine build: up to date
2026-02-14 09:56:45,660 [INFO] [boot] Launching UI...
2026-02-14 09:56:45,681 [INFO] [console] Console Logic Initialized
2026-02-14 09:56:45,685 [INFO] [console] C++ Engine bridge established.
2026-02-14 09:56:45,686 [INFO] [console] 🌐 Platform: Linux | Session: wayland
2026-02-14 09:56:45,688 [INFO] [console] ⚙️ RTLD_GLOBAL enabled (C++ symbols optimization).
2026-02-14 09:56:45,689 [INFO] [console] 🖥️ Detected DE: KDE
2026-02-14 09:56:45,690 [INFO] [console] Checking Engine components...
2026-02-14 09:56:45,691 [INFO] [console] ℹ️ Engine build: up to date
2026-02-14 09:56:45,693 [INFO] [console] Launching UI...
2026-02-14 09:56:45,695 [INFO] [console] Initializing EditorManager with Evergreen UI...
2026-02-14 09:56:45,702 [DEBUG] [console] EditorTab: Evergreen core initialized.
2026-02-14 09:56:45,704 [INFO] [console] New tab created: 'Untitled'
2026-02-14 09:56:45,705 [DEBUG] [core.theme.theme_manager] Styles directory detected: /home/Nefiu/Pulpit/LxNotes/assets/styles
2026-02-14 09:56:45,705 [INFO] [core.file.recent_files] Loaded 10 recent files from history.
2026-02-14 09:56:45,720 [INFO] [core.theme.theme_manager] Theme 'light' applied successfully.
2026-02-14 09:56:45,720 [INFO] [console] Manager connected to UI Console. DE: KDE
2026-02-14 09:56:45,722 [INFO] [console] LxNotes ready. Theme: light
2026-02-14 09:57:10,333 [INFO] [core.theme.theme_manager] Theme 'dark' applied successfully.
2026-02-14 09:57:10,333 [INFO] [console] Język zmieniony na: PL-PL
