2026-02-14 11:06:35,481 [INFO] [runtime] Runtime logging initialized.
2026-02-14 11:06:35,547 [INFO] [boot] 🌐 Platform: Linux | Session: wayland
2026-02-14 11:06:35,550 [INFO] [boot] ⚙️ RTLD_GLOBAL enabled (C++ symbols optimization).
2026-02-14 11:06:35,552 [INFO] [boot] 🖥️ Detected DE: KDE
2026-02-14 11:06:35,552 [INFO] [boot] Checking Engine components...
2026-02-14 11:06:35,596 [INFO] [boot] ℹ️ Engine build: up to date
2026-02-14 11:06:35,597 [INFO] [boot] Launching UI...
2026-02-14 11:06:35,628 [INFO] [console] Console Logic Initialized
2026-02-14 11:06:35,631 [INFO] [console] C++ Engine bridge established.
2026-02-14 11:06:35,632 [INFO] [console] 🌐 Platform: Linux | Session: wayland
2026-02-14 11:06:35,633 [INFO] [console] ⚙️ RTLD_GLOBAL enabled (C++ symbols optimization).
2026-02-14 11:06:35,635 [INFO] [console] 🖥️ Detected DE: KDE
2026-02-14 11:06:35,636 [INFO] [console] Checking Engine components...
2026-02-14 11:06:35,637 [INFO] [console] ℹ️ Engine build: up to date
2026-02-14 11:06:35,638 [INFO] [console] Launching UI...
2026-02-14 11:06:35,640 [INFO] [console] Initializing EditorManager with Evergreen UI...
2026-02-14 11:06:35,645 [DEBUG] [console] EditorTab: Evergreen core initialized.
2026-02-14 11:06:35,647 [INFO] [console] New tab created: 'Untitled'
2026-02-14 11:06:35,648 [DEBUG] [core.theme.theme_manager] Styles directory detected: /home/Nefiu/Pulpit/LxNotes/assets/styles
2026-02-14 11:06:35,648 [INFO] [core.file.recent_files] Loaded 10 recent files from history.
2026-02-14 11:06:35,657 [INFO] [core.theme.theme_manager] Theme 'dark' applied successfully.
2026-02-14 11:06:35,658 [INFO] [console] Manager connected to UI Console. DE: KDE
2026-02-14 11:06:35,659 [INFO] [console] LxNotes ready. Theme: dark
