2026-02-14 10:08:57,595 [INFO] [runtime] Runtime logging initialized.
2026-02-14 10:08:57,663 [INFO] [boot] 🌐 Platform: Linux | Session: wayland
2026-02-14 10:08:57,666 [INFO] [boot] ⚙️ RTLD_GLOBAL enabled (C++ symbols optimization).
2026-02-14 10:08:57,670 [INFO] [boot] 🖥️ Detected DE: KDE
2026-02-14 10:08:57,671 [INFO] [boot] Checking Engine components...
2026-02-14 10:08:57,714 [INFO] [boot] ℹ️ Engine build: up to date
2026-02-14 10:08:57,715 [INFO] [boot] Launching UI...
2026-02-14 10:08:57,751 [INFO] [console] Console Logic Initialized
2026-02-14 10:08:57,755 [INFO] [console] C++ Engine bridge established.
2026-02-14 10:08:57,757 [INFO] [console] 🌐 Platform: Linux | Session: wayland
2026-02-14 10:08:57,758 [INFO] [console] ⚙️ RTLD_GLOBAL enabled (C++ symbols optimization).
2026-02-14 10:08:57,759 [INFO] [console] 🖥️ Detected DE: KDE
2026-02-14 10:08:57,760 [INFO] [console] Checking Engine components...
2026-02-14 10:08:57,761 [INFO] [console] ℹ️ Engine build: up to date
2026-02-14 10:08:57,763 [INFO] [console] Launching UI...
2026-02-14 10:08:57,764 [INFO] [console] Initializing EditorManager with Evergreen UI...
2026-02-14 10:08:57,769 [DEBUG] [console] EditorTab: Evergreen core initialized.
2026-02-14 10:08:57,771 [INFO] [console] New tab created: 'Untitled'
2026-02-14 10:08:57,772 [DEBUG] [core.theme.theme_manager] Styles directory detected: /home/Nefiu/Pulpit/LxNotes/assets/styles
2026-02-14 10:08:57,772 [INFO] [core.file.recent_files] Loaded 10 recent files from history.
2026-02-14 10:08:57,781 [INFO] [core.theme.theme_manager] Theme 'dark' applied successfully.
2026-02-14 10:08:57,782 [INFO] [console] Session: Restoring 1 files...
2026-02-14 10:08:57,783 [INFO] [console] Manager connected to UI Console. DE: KDE
2026-02-14 10:08:57,784 [INFO] [console] LxNotes ready. Theme: dark
